<?xml version="1.0" encoding="UTF-8"?>
<!-- Generated by org.testng.reporters.JUnitReportReporter -->
<testsuite hostname="PC269" name="com.databaseComputer.DatabaseComp.suites.ComputerTest" tests="4" failures="0" timestamp="24 Nov 2016 12:56:25 GMT" time="17.925" errors="0">
  <testcase name="deleteComputer" time="1.504" classname="com.databaseComputer.DatabaseComp.suites.ComputerTest"/>
  <testcase name="addANewCompTest" time="2.917" classname="com.databaseComputer.DatabaseComp.suites.ComputerTest"/>
  <testcase name="createAndUpdateComputer" time="9.922" classname="com.databaseComputer.DatabaseComp.suites.ComputerTest"/>
  <testcase name="readAndDeleteComputer" time="3.582" classname="com.databaseComputer.DatabaseComp.suites.ComputerTest"/>
</testsuite> <!-- com.databaseComputer.DatabaseComp.suites.ComputerTest -->
